# JRE version: OpenJDK Runtime Environment Temurin-21.0.9+10 (21.0.9+10) (build 21.0.9+10-LTS)
# Java VM: OpenJDK 64-Bit Server VM Temurin-21.0.9+10 (21.0.9+10-LTS, mixed mode, sharing, tiered, compressed oops, compressed class ptrs, parallel gc, windows-amd64)
GC Precious Log:
 CardTable entry size: 512
 CPUs: 16 total, 16 available
 Memory: 28383M
 Large Page Support: Disabled
 NUMA Support: Disabled
 Compressed Oops: Enabled (32-bit)
 Alignments: Space 512K, Generation 512K, Heap 2M
 Heap Min Capacity: 100M
 Heap Initial Capacity: 100M
 Heap Max Capacity: 2G
 Pre-touch: Disabled
 Parallel Workers: 13
Heap:
 PSYoungGen      total 11776K, used 9054K [0x00000000d5580000, 0x00000000d6580000, 0x0000000100000000)
  eden space 10752K, 74% used [0x00000000d5580000,0x00000000d5d57c10,0x00000000d6000000)
  from space 1024K, 99% used [0x00000000d6280000,0x00000000d637fde0,0x00000000d6380000)
  to   space 2560K, 0% used [0x00000000d6000000,0x00000000d6000000,0x00000000d6280000)
 ParOldGen       total 72704K, used 72036K [0x0000000080000000, 0x0000000084700000, 0x00000000d5580000)
  object space 72704K, 99% used [0x0000000080000000,0x0000000084659138,0x0000000084700000)
 Metaspace       used 66711K, committed 68224K, reserved 1114112K
  class space    used 7017K, committed 7616K, reserved 1048576K
GC Heap History (20 events):
Event: 6.672 GC heap before
{Heap before GC invocations=80 (full 3):
 PSYoungGen      total 11776K, used 11770K [0x00000000d5580000, 0x00000000d6480000, 0x0000000100000000)
  eden space 11264K, 100% used [0x00000000d5580000,0x00000000d6080000,0x00000000d6080000)
  from space 512K, 98% used [0x00000000d6400000,0x00000000d647e870,0x00000000d6480000)
  to   space 1024K, 0% used [0x00000000d6280000,0x00000000d6280000,0x00000000d6380000)
 ParOldGen       total 72704K, used 68152K [0x0000000080000000, 0x0000000084700000, 0x00000000d5580000)
  object space 72704K, 93% used [0x0000000080000000,0x000000008428e0f0,0x0000000084700000)
 Metaspace       used 65190K, committed 66688K, reserved 1114112K
  class space    used 6880K, committed 7488K, reserved 1048576K
}
Event: 6.673 GC heap after
{Heap after GC invocations=80 (full 3):
 PSYoungGen      total 12288K, used 480K [0x00000000d5580000, 0x00000000d6480000, 0x0000000100000000)
  eden space 11264K, 0% used [0x00000000d5580000,0x00000000d5580000,0x00000000d6080000)
  from space 1024K, 46% used [0x00000000d6280000,0x00000000d62f8000,0x00000000d6380000)
  to   space 1024K, 0% used [0x00000000d6380000,0x00000000d6380000,0x00000000d6480000)
 ParOldGen       total 72704K, used 68511K [0x0000000080000000, 0x0000000084700000, 0x00000000d5580000)
  object space 72704K, 94% used [0x0000000080000000,0x00000000842e7e10,0x0000000084700000)
 Metaspace       used 65190K, committed 66688K, reserved 1114112K
  class space    used 6880K, committed 7488K, reserved 1048576K
}
Event: 6.681 GC heap before
{Heap before GC invocations=81 (full 3):
 PSYoungGen      total 12288K, used 11744K [0x00000000d5580000, 0x00000000d6480000, 0x0000000100000000)
  eden space 11264K, 100% used [0x00000000d5580000,0x00000000d6080000,0x00000000d6080000)
  from space 1024K, 46% used [0x00000000d6280000,0x00000000d62f8000,0x00000000d6380000)
  to   space 1024K, 0% used [0x00000000d6380000,0x00000000d6380000,0x00000000d6480000)
 ParOldGen       total 72704K, used 68511K [0x0000000080000000, 0x0000000084700000, 0x00000000d5580000)
  object space 72704K, 94% used [0x0000000080000000,0x00000000842e7e10,0x0000000084700000)
 Metaspace       used 65218K, committed 66752K, reserved 1114112K
  class space    used 6881K, committed 7488K, reserved 1048576K
}
Event: 6.682 GC heap after
{Heap after GC invocations=81 (full 3):
 PSYoungGen      total 11776K, used 448K [0x00000000d5580000, 0x00000000d6400000, 0x0000000100000000)
  eden space 11264K, 0% used [0x00000000d5580000,0x00000000d5580000,0x00000000d6080000)
  from space 512K, 87% used [0x00000000d6380000,0x00000000d63f0000,0x00000000d6400000)
  to   space 512K, 0% used [0x00000000d6300000,0x00000000d6300000,0x00000000d6380000)
 ParOldGen       total 72704K, used 68831K [0x0000000080000000, 0x0000000084700000, 0x00000000d5580000)
  object space 72704K, 94% used [0x0000000080000000,0x0000000084337e10,0x0000000084700000)
 Metaspace       used 65218K, committed 66752K, reserved 1114112K
  class space    used 6881K, committed 7488K, reserved 1048576K
}
Event: 6.693 GC heap before
{Heap before GC invocations=82 (full 3):
 PSYoungGen      total 11776K, used 11712K [0x00000000d5580000, 0x00000000d6400000, 0x0000000100000000)
  eden space 11264K, 100% used [0x00000000d5580000,0x00000000d6080000,0x00000000d6080000)
  from space 512K, 87% used [0x00000000d6380000,0x00000000d63f0000,0x00000000d6400000)
  to   space 512K, 0% used [0x00000000d6300000,0x00000000d6300000,0x00000000d6380000)
 ParOldGen       total 72704K, used 68831K [0x0000000080000000, 0x0000000084700000, 0x00000000d5580000)
  object space 72704K, 94% used [0x0000000080000000,0x0000000084337e10,0x0000000084700000)
 Metaspace       used 65285K, committed 66816K, reserved 1114112K
  class space    used 6898K, committed 7488K, reserved 1048576K
}
Event: 6.694 GC heap after
{Heap after GC invocations=82 (full 3):
 PSYoungGen      total 11776K, used 512K [0x00000000d5580000, 0x00000000d6400000, 0x0000000100000000)
  eden space 11264K, 0% used [0x00000000d5580000,0x00000000d5580000,0x00000000d6080000)
  from space 512K, 100% used [0x00000000d6300000,0x00000000d6380000,0x00000000d6380000)
  to   space 512K, 0% used [0x00000000d6380000,0x00000000d6380000,0x00000000d6400000)
 ParOldGen       total 72704K, used 69014K [0x0000000080000000, 0x0000000084700000, 0x00000000d5580000)
  object space 72704K, 94% used [0x0000000080000000,0x00000000843659f0,0x0000000084700000)
 Metaspace       used 65285K, committed 66816K, reserved 1114112K
  class space    used 6898K, committed 7488K, reserved 1048576K
}
Event: 6.704 GC heap before
{Heap before GC invocations=83 (full 3):
 PSYoungGen      total 11776K, used 11776K [0x00000000d5580000, 0x00000000d6400000, 0x0000000100000000)
  eden space 11264K, 100% used [0x00000000d5580000,0x00000000d6080000,0x00000000d6080000)
  from space 512K, 100% used [0x00000000d6300000,0x00000000d6380000,0x00000000d6380000)
  to   space 512K, 0% used [0x00000000d6380000,0x00000000d6380000,0x00000000d6400000)
 ParOldGen       total 72704K, used 69014K [0x0000000080000000, 0x0000000084700000, 0x00000000d5580000)
  object space 72704K, 94% used [0x0000000080000000,0x00000000843659f0,0x0000000084700000)
 Metaspace       used 65317K, committed 66816K, reserved 1114112K
  class space    used 6901K, committed 7488K, reserved 1048576K
}
Event: 6.705 GC heap after
{Heap after GC invocations=83 (full 3):
 PSYoungGen      total 11776K, used 497K [0x00000000d5580000, 0x00000000d6400000, 0x0000000100000000)
  eden space 11264K, 0% used [0x00000000d5580000,0x00000000d5580000,0x00000000d6080000)
  from space 512K, 97% used [0x00000000d6380000,0x00000000d63fc400,0x00000000d6400000)
  to   space 1024K, 0% used [0x00000000d6200000,0x00000000d6200000,0x00000000d6300000)
 ParOldGen       total 72704K, used 69374K [0x0000000080000000, 0x0000000084700000, 0x00000000d5580000)
  object space 72704K, 95% used [0x0000000080000000,0x00000000843bf9f0,0x0000000084700000)
 Metaspace       used 65317K, committed 66816K, reserved 1114112K
  class space    used 6901K, committed 7488K, reserved 1048576K
}
Event: 6.715 GC heap before
{Heap before GC invocations=84 (full 3):
 PSYoungGen      total 11776K, used 11761K [0x00000000d5580000, 0x00000000d6400000, 0x0000000100000000)
  eden space 11264K, 100% used [0x00000000d5580000,0x00000000d6080000,0x00000000d6080000)
  from space 512K, 97% used [0x00000000d6380000,0x00000000d63fc400,0x00000000d6400000)
  to   space 1024K, 0% used [0x00000000d6200000,0x00000000d6200000,0x00000000d6300000)
 ParOldGen       total 72704K, used 69374K [0x0000000080000000, 0x0000000084700000, 0x00000000d5580000)
  object space 72704K, 95% used [0x0000000080000000,0x00000000843bf9f0,0x0000000084700000)
 Metaspace       used 65317K, committed 66816K, reserved 1114112K
  class space    used 6901K, committed 7488K, reserved 1048576K
}
Event: 6.716 GC heap after
{Heap after GC invocations=84 (full 3):
 PSYoungGen      total 12288K, used 416K [0x00000000d5580000, 0x00000000d6400000, 0x0000000100000000)
  eden space 11264K, 0% used [0x00000000d5580000,0x00000000d5580000,0x00000000d6080000)
  from space 1024K, 40% used [0x00000000d6200000,0x00000000d6268000,0x00000000d6300000)
  to   space 1024K, 0% used [0x00000000d6300000,0x00000000d6300000,0x00000000d6400000)
 ParOldGen       total 72704K, used 69711K [0x0000000080000000, 0x0000000084700000, 0x00000000d5580000)
  object space 72704K, 95% used [0x0000000080000000,0x0000000084413df0,0x0000000084700000)
 Metaspace       used 65317K, committed 66816K, reserved 1114112K
  class space    used 6901K, committed 7488K, reserved 1048576K
}
Event: 6.725 GC heap before
{Heap before GC invocations=85 (full 3):
 PSYoungGen      total 12288K, used 11680K [0x00000000d5580000, 0x00000000d6400000, 0x0000000100000000)
  eden space 11264K, 100% used [0x00000000d5580000,0x00000000d6080000,0x00000000d6080000)
  from space 1024K, 40% used [0x00000000d6200000,0x00000000d6268000,0x00000000d6300000)
  to   space 1024K, 0% used [0x00000000d6300000,0x00000000d6300000,0x00000000d6400000)
 ParOldGen       total 72704K, used 69711K [0x0000000080000000, 0x0000000084700000, 0x00000000d5580000)
  object space 72704K, 95% used [0x0000000080000000,0x0000000084413df0,0x0000000084700000)
 Metaspace       used 65320K, committed 66816K, reserved 1114112K
  class space    used 6901K, committed 7488K, reserved 1048576K
}
Event: 6.725 GC heap after
{Heap after GC invocations=85 (full 3):
 PSYoungGen      total 11776K, used 480K [0x00000000d5580000, 0x00000000d6380000, 0x0000000100000000)
  eden space 11264K, 0% used [0x00000000d5580000,0x00000000d5580000,0x00000000d6080000)
  from space 512K, 93% used [0x00000000d6300000,0x00000000d6378000,0x00000000d6380000)
  to   space 512K, 0% used [0x00000000d6280000,0x00000000d6280000,0x00000000d6300000)
 ParOldGen       total 72704K, used 69911K [0x0000000080000000, 0x0000000084700000, 0x00000000d5580000)
  object space 72704K, 96% used [0x0000000080000000,0x0000000084445df0,0x0000000084700000)
 Metaspace       used 65320K, committed 66816K, reserved 1114112K
  class space    used 6901K, committed 7488K, reserved 1048576K
}
Event: 6.734 GC heap before
{Heap before GC invocations=86 (full 3):
 PSYoungGen      total 11776K, used 11744K [0x00000000d5580000, 0x00000000d6380000, 0x0000000100000000)
  eden space 11264K, 100% used [0x00000000d5580000,0x00000000d6080000,0x00000000d6080000)
  from space 512K, 93% used [0x00000000d6300000,0x00000000d6378000,0x00000000d6380000)
  to   space 512K, 0% used [0x00000000d6280000,0x00000000d6280000,0x00000000d6300000)
 ParOldGen       total 72704K, used 69911K [0x0000000080000000, 0x0000000084700000, 0x00000000d5580000)
  object space 72704K, 96% used [0x0000000080000000,0x0000000084445df0,0x0000000084700000)
 Metaspace       used 65325K, committed 66816K, reserved 1114112K
  class space    used 6901K, committed 7488K, reserved 1048576K
}
Event: 6.734 GC heap after
{Heap after GC invocations=86 (full 3):
 PSYoungGen      total 11776K, used 512K [0x00000000d5580000, 0x00000000d6380000, 0x0000000100000000)
  eden space 11264K, 0% used [0x00000000d5580000,0x00000000d5580000,0x00000000d6080000)
  from space 512K, 100% used [0x00000000d6280000,0x00000000d6300000,0x00000000d6300000)
  to   space 512K, 0% used [0x00000000d6300000,0x00000000d6300000,0x00000000d6380000)
 ParOldGen       total 72704K, used 70223K [0x0000000080000000, 0x0000000084700000, 0x00000000d5580000)
  object space 72704K, 96% used [0x0000000080000000,0x0000000084493df0,0x0000000084700000)
 Metaspace       used 65325K, committed 66816K, reserved 1114112K
  class space    used 6901K, committed 7488K, reserved 1048576K
}
Event: 6.747 GC heap before
{Heap before GC invocations=87 (full 3):
 PSYoungGen      total 11776K, used 11776K [0x00000000d5580000, 0x00000000d6380000, 0x0000000100000000)
  eden space 11264K, 100% used [0x00000000d5580000,0x00000000d6080000,0x00000000d6080000)
  from space 512K, 100% used [0x00000000d6280000,0x00000000d6300000,0x00000000d6300000)
  to   space 512K, 0% used [0x00000000d6300000,0x00000000d6300000,0x00000000d6380000)
 ParOldGen       total 72704K, used 70223K [0x0000000080000000, 0x0000000084700000, 0x00000000d5580000)
  object space 72704K, 96% used [0x0000000080000000,0x0000000084493df0,0x0000000084700000)
 Metaspace       used 65328K, committed 66816K, reserved 1114112K
  class space    used 6901K, committed 7488K, reserved 1048576K
}
Event: 6.747 GC heap after
{Heap after GC invocations=87 (full 3):
 PSYoungGen      total 11776K, used 495K [0x00000000d5580000, 0x00000000d6380000, 0x0000000100000000)
  eden space 11264K, 0% used [0x00000000d5580000,0x00000000d5580000,0x00000000d6080000)
  from space 512K, 96% used [0x00000000d6300000,0x00000000d637bcc8,0x00000000d6380000)
  to   space 1024K, 0% used [0x00000000d6180000,0x00000000d6180000,0x00000000d6280000)
 ParOldGen       total 72704K, used 70623K [0x0000000080000000, 0x0000000084700000, 0x00000000d5580000)
  object space 72704K, 97% used [0x0000000080000000,0x00000000844f7df0,0x0000000084700000)
 Metaspace       used 65328K, committed 66816K, reserved 1114112K
  class space    used 6901K, committed 7488K, reserved 1048576K
}
Event: 6.788 GC heap before
{Heap before GC invocations=88 (full 3):
 PSYoungGen      total 11776K, used 11759K [0x00000000d5580000, 0x00000000d6380000, 0x0000000100000000)
  eden space 11264K, 100% used [0x00000000d5580000,0x00000000d6080000,0x00000000d6080000)
  from space 512K, 96% used [0x00000000d6300000,0x00000000d637bcc8,0x00000000d6380000)
  to   space 1024K, 0% used [0x00000000d6180000,0x00000000d6180000,0x00000000d6280000)
 ParOldGen       total 72704K, used 70623K [0x0000000080000000, 0x0000000084700000, 0x00000000d5580000)
  object space 72704K, 97% used [0x0000000080000000,0x00000000844f7df0,0x0000000084700000)
 Metaspace       used 65438K, committed 66944K, reserved 1114112K
  class space    used 6920K, committed 7488K, reserved 1048576K
}
Event: 6.790 GC heap after
{Heap after GC invocations=88 (full 3):
 PSYoungGen      total 12288K, used 1021K [0x00000000d5580000, 0x00000000d6380000, 0x0000000100000000)
  eden space 11264K, 0% used [0x00000000d5580000,0x00000000d5580000,0x00000000d6080000)
  from space 1024K, 99% used [0x00000000d6180000,0x00000000d627f638,0x00000000d6280000)
  to   space 1024K, 0% used [0x00000000d6280000,0x00000000d6280000,0x00000000d6380000)
 ParOldGen       total 72704K, used 71037K [0x0000000080000000, 0x0000000084700000, 0x00000000d5580000)
  object space 72704K, 97% used [0x0000000080000000,0x000000008455f7d8,0x0000000084700000)
 Metaspace       used 65438K, committed 66944K, reserved 1114112K
  class space    used 6920K, committed 7488K, reserved 1048576K
}
Event: 7.054 GC heap before
{Heap before GC invocations=89 (full 3):
 PSYoungGen      total 12288K, used 12285K [0x00000000d5580000, 0x00000000d6380000, 0x0000000100000000)
  eden space 11264K, 100% used [0x00000000d5580000,0x00000000d6080000,0x00000000d6080000)
  from space 1024K, 99% used [0x00000000d6180000,0x00000000d627f638,0x00000000d6280000)
  to   space 1024K, 0% used [0x00000000d6280000,0x00000000d6280000,0x00000000d6380000)
 ParOldGen       total 72704K, used 71037K [0x0000000080000000, 0x0000000084700000, 0x00000000d5580000)
  object space 72704K, 97% used [0x0000000080000000,0x000000008455f7d8,0x0000000084700000)
 Metaspace       used 66377K, committed 67904K, reserved 1114112K
  class space    used 7003K, committed 7616K, reserved 1048576K
}
Event: 7.056 GC heap after
{Heap after GC invocations=89 (full 3):
 PSYoungGen      total 11776K, used 1023K [0x00000000d5580000, 0x00000000d6580000, 0x0000000100000000)
  eden space 10752K, 0% used [0x00000000d5580000,0x00000000d5580000,0x00000000d6000000)
  from space 1024K, 99% used [0x00000000d6280000,0x00000000d637fde0,0x00000000d6380000)
  to   space 2560K, 0% used [0x00000000d6000000,0x00000000d6000000,0x00000000d6280000)
 ParOldGen       total 72704K, used 72036K [0x0000000080000000, 0x0000000084700000, 0x00000000d5580000)
  object space 72704K, 99% used [0x0000000080000000,0x0000000084659138,0x0000000084700000)
 Metaspace       used 66377K, committed 67904K, reserved 1114112K
  class space    used 7003K, committed 7616K, reserved 1048576K
}

