# JRE version: OpenJDK Runtime Environment Temurin-21.0.9+10 (21.0.9+10) (build 21.0.9+10-LTS)
# Java VM: OpenJDK 64-Bit Server VM Temurin-21.0.9+10 (21.0.9+10-LTS, mixed mode, sharing, tiered, compressed oops, compressed class ptrs, parallel gc, windows-amd64)
GC Precious Log:
 CardTable entry size: 512
 CPUs: 16 total, 16 available
 Memory: 28383M
 Large Page Support: Disabled
 NUMA Support: Disabled
 Compressed Oops: Enabled (32-bit)
 Alignments: Space 512K, Generation 512K, Heap 2M
 Heap Min Capacity: 100M
 Heap Initial Capacity: 100M
 Heap Max Capacity: 2G
 Pre-touch: Disabled
 Parallel Workers: 13
Heap:
 PSYoungGen      total 3072K, used 2725K [0x00000000d5580000, 0x00000000d5a80000, 0x0000000100000000)
  eden space 2560K, 88% used [0x00000000d5580000,0x00000000d57b97a8,0x00000000d5800000)
  from space 512K, 87% used [0x00000000d5800000,0x00000000d5870000,0x00000000d5880000)
  to   space 1024K, 0% used [0x00000000d5980000,0x00000000d5980000,0x00000000d5a80000)
 ParOldGen       total 348672K, used 348517K [0x0000000080000000, 0x0000000095480000, 0x00000000d5580000)
  object space 348672K, 99% used [0x0000000080000000,0x00000000954595a0,0x0000000095480000)
 Metaspace       used 84699K, committed 86656K, reserved 1179648K
  class space    used 8613K, committed 9536K, reserved 1048576K
GC Heap History (20 events):
Event: 755.252 GC heap before
{Heap before GC invocations=566 (full 4):
 PSYoungGen      total 3584K, used 2842K [0x00000000d5580000, 0x00000000d5a00000, 0x0000000100000000)
  eden space 2048K, 100% used [0x00000000d5580000,0x00000000d5780000,0x00000000d5780000)
  from space 1536K, 51% used [0x00000000d5780000,0x00000000d5846900,0x00000000d5900000)
  to   space 1024K, 0% used [0x00000000d5900000,0x00000000d5900000,0x00000000d5a00000)
 ParOldGen       total 339968K, used 339533K [0x0000000080000000, 0x0000000094c00000, 0x00000000d5580000)
  object space 339968K, 99% used [0x0000000080000000,0x0000000094b93610,0x0000000094c00000)
 Metaspace       used 84647K, committed 86656K, reserved 1179648K
  class space    used 8613K, committed 9536K, reserved 1048576K
}
Event: 755.253 GC heap after
{Heap after GC invocations=566 (full 4):
 PSYoungGen      total 2048K, used 1007K [0x00000000d5580000, 0x00000000d5d00000, 0x0000000100000000)
  eden space 1024K, 0% used [0x00000000d5580000,0x00000000d5580000,0x00000000d5680000)
  from space 1024K, 98% used [0x00000000d5900000,0x00000000d59fbdb0,0x00000000d5a00000)
  to   space 2560K, 0% used [0x00000000d5680000,0x00000000d5680000,0x00000000d5900000)
 ParOldGen       total 340992K, used 340530K [0x0000000080000000, 0x0000000094d00000, 0x00000000d5580000)
  object space 340992K, 99% used [0x0000000080000000,0x0000000094c8c810,0x0000000094d00000)
 Metaspace       used 84647K, committed 86656K, reserved 1179648K
  class space    used 8613K, committed 9536K, reserved 1048576K
}
Event: 755.255 GC heap before
{Heap before GC invocations=567 (full 4):
 PSYoungGen      total 2048K, used 2031K [0x00000000d5580000, 0x00000000d5d00000, 0x0000000100000000)
  eden space 1024K, 99% used [0x00000000d5580000,0x00000000d567fff8,0x00000000d5680000)
  from space 1024K, 98% used [0x00000000d5900000,0x00000000d59fbdb0,0x00000000d5a00000)
  to   space 2560K, 0% used [0x00000000d5680000,0x00000000d5680000,0x00000000d5900000)
 ParOldGen       total 340992K, used 340530K [0x0000000080000000, 0x0000000094d00000, 0x00000000d5580000)
  object space 340992K, 99% used [0x0000000080000000,0x0000000094c8c810,0x0000000094d00000)
 Metaspace       used 84647K, committed 86656K, reserved 1179648K
  class space    used 8613K, committed 9536K, reserved 1048576K
}
Event: 755.256 GC heap after
{Heap after GC invocations=567 (full 4):
 PSYoungGen      total 2560K, used 1056K [0x00000000d5580000, 0x00000000d5a00000, 0x0000000100000000)
  eden space 1024K, 0% used [0x00000000d5580000,0x00000000d5580000,0x00000000d5680000)
  from space 1536K, 68% used [0x00000000d5680000,0x00000000d5788000,0x00000000d5800000)
  to   space 1536K, 0% used [0x00000000d5880000,0x00000000d5880000,0x00000000d5a00000)
 ParOldGen       total 342016K, used 341601K [0x0000000080000000, 0x0000000094e00000, 0x00000000d5580000)
  object space 342016K, 99% used [0x0000000080000000,0x0000000094d985c0,0x0000000094e00000)
 Metaspace       used 84647K, committed 86656K, reserved 1179648K
  class space    used 8613K, committed 9536K, reserved 1048576K
}
Event: 755.258 GC heap before
{Heap before GC invocations=568 (full 4):
 PSYoungGen      total 2560K, used 2080K [0x00000000d5580000, 0x00000000d5a00000, 0x0000000100000000)
  eden space 1024K, 100% used [0x00000000d5580000,0x00000000d5680000,0x00000000d5680000)
  from space 1536K, 68% used [0x00000000d5680000,0x00000000d5788000,0x00000000d5800000)
  to   space 1536K, 0% used [0x00000000d5880000,0x00000000d5880000,0x00000000d5a00000)
 ParOldGen       total 342016K, used 341601K [0x0000000080000000, 0x0000000094e00000, 0x00000000d5580000)
  object space 342016K, 99% used [0x0000000080000000,0x0000000094d985c0,0x0000000094e00000)
 Metaspace       used 84647K, committed 86656K, reserved 1179648K
  class space    used 8613K, committed 9536K, reserved 1048576K
}
Event: 755.259 GC heap after
{Heap after GC invocations=568 (full 4):
 PSYoungGen      total 3072K, used 1120K [0x00000000d5580000, 0x00000000d5a00000, 0x0000000100000000)
  eden space 1536K, 0% used [0x00000000d5580000,0x00000000d5580000,0x00000000d5700000)
  from space 1536K, 72% used [0x00000000d5880000,0x00000000d5998000,0x00000000d5a00000)
  to   space 1536K, 0% used [0x00000000d5700000,0x00000000d5700000,0x00000000d5880000)
 ParOldGen       total 343040K, used 342609K [0x0000000080000000, 0x0000000094f00000, 0x00000000d5580000)
  object space 343040K, 99% used [0x0000000080000000,0x0000000094e945c0,0x0000000094f00000)
 Metaspace       used 84647K, committed 86656K, reserved 1179648K
  class space    used 8613K, committed 9536K, reserved 1048576K
}
Event: 755.324 GC heap before
{Heap before GC invocations=569 (full 4):
 PSYoungGen      total 3072K, used 2644K [0x00000000d5580000, 0x00000000d5a00000, 0x0000000100000000)
  eden space 1536K, 99% used [0x00000000d5580000,0x00000000d56fd088,0x00000000d5700000)
  from space 1536K, 72% used [0x00000000d5880000,0x00000000d5998000,0x00000000d5a00000)
  to   space 1536K, 0% used [0x00000000d5700000,0x00000000d5700000,0x00000000d5880000)
 ParOldGen       total 343040K, used 342609K [0x0000000080000000, 0x0000000094f00000, 0x00000000d5580000)
  object space 343040K, 99% used [0x0000000080000000,0x0000000094e945c0,0x0000000094f00000)
 Metaspace       used 84647K, committed 86656K, reserved 1179648K
  class space    used 8613K, committed 9536K, reserved 1048576K
}
Event: 755.325 GC heap after
{Heap after GC invocations=569 (full 4):
 PSYoungGen      total 2560K, used 784K [0x00000000d5580000, 0x00000000d5900000, 0x0000000100000000)
  eden space 1536K, 0% used [0x00000000d5580000,0x00000000d5580000,0x00000000d5700000)
  from space 1024K, 76% used [0x00000000d5700000,0x00000000d57c4010,0x00000000d5800000)
  to   space 1024K, 0% used [0x00000000d5800000,0x00000000d5800000,0x00000000d5900000)
 ParOldGen       total 344064K, used 343641K [0x0000000080000000, 0x0000000095000000, 0x00000000d5580000)
  object space 344064K, 99% used [0x0000000080000000,0x0000000094f965c0,0x0000000095000000)
 Metaspace       used 84647K, committed 86656K, reserved 1179648K
  class space    used 8613K, committed 9536K, reserved 1048576K
}
Event: 755.360 GC heap before
{Heap before GC invocations=570 (full 4):
 PSYoungGen      total 2560K, used 2308K [0x00000000d5580000, 0x00000000d5900000, 0x0000000100000000)
  eden space 1536K, 99% used [0x00000000d5580000,0x00000000d56fd330,0x00000000d5700000)
  from space 1024K, 76% used [0x00000000d5700000,0x00000000d57c4010,0x00000000d5800000)
  to   space 1024K, 0% used [0x00000000d5800000,0x00000000d5800000,0x00000000d5900000)
 ParOldGen       total 344064K, used 343641K [0x0000000080000000, 0x0000000095000000, 0x00000000d5580000)
  object space 344064K, 99% used [0x0000000080000000,0x0000000094f965c0,0x0000000095000000)
 Metaspace       used 84654K, committed 86656K, reserved 1179648K
  class space    used 8613K, committed 9536K, reserved 1048576K
}
Event: 755.361 GC heap after
{Heap after GC invocations=570 (full 4):
 PSYoungGen      total 2560K, used 384K [0x00000000d5580000, 0x00000000d5900000, 0x0000000100000000)
  eden space 1536K, 0% used [0x00000000d5580000,0x00000000d5580000,0x00000000d5700000)
  from space 1024K, 37% used [0x00000000d5800000,0x00000000d5860020,0x00000000d5900000)
  to   space 1024K, 0% used [0x00000000d5700000,0x00000000d5700000,0x00000000d5800000)
 ParOldGen       total 344576K, used 344161K [0x0000000080000000, 0x0000000095080000, 0x00000000d5580000)
  object space 344576K, 99% used [0x0000000080000000,0x00000000950185d0,0x0000000095080000)
 Metaspace       used 84654K, committed 86656K, reserved 1179648K
  class space    used 8613K, committed 9536K, reserved 1048576K
}
Event: 755.363 GC heap before
{Heap before GC invocations=571 (full 4):
 PSYoungGen      total 2560K, used 1896K [0x00000000d5580000, 0x00000000d5900000, 0x0000000100000000)
  eden space 1536K, 98% used [0x00000000d5580000,0x00000000d56fa2f0,0x00000000d5700000)
  from space 1024K, 37% used [0x00000000d5800000,0x00000000d5860020,0x00000000d5900000)
  to   space 1024K, 0% used [0x00000000d5700000,0x00000000d5700000,0x00000000d5800000)
 ParOldGen       total 344576K, used 344161K [0x0000000080000000, 0x0000000095080000, 0x00000000d5580000)
  object space 344576K, 99% used [0x0000000080000000,0x00000000950185d0,0x0000000095080000)
 Metaspace       used 84698K, committed 86656K, reserved 1179648K
  class space    used 8613K, committed 9536K, reserved 1048576K
}
Event: 755.364 GC heap after
{Heap after GC invocations=571 (full 4):
 PSYoungGen      total 2560K, used 544K [0x00000000d5580000, 0x00000000d5900000, 0x0000000100000000)
  eden space 1536K, 0% used [0x00000000d5580000,0x00000000d5580000,0x00000000d5700000)
  from space 1024K, 53% used [0x00000000d5700000,0x00000000d5788000,0x00000000d5800000)
  to   space 1024K, 0% used [0x00000000d5800000,0x00000000d5800000,0x00000000d5900000)
 ParOldGen       total 344576K, used 344341K [0x0000000080000000, 0x0000000095080000, 0x00000000d5580000)
  object space 344576K, 99% used [0x0000000080000000,0x00000000950457f0,0x0000000095080000)
 Metaspace       used 84698K, committed 86656K, reserved 1179648K
  class space    used 8613K, committed 9536K, reserved 1048576K
}
Event: 755.365 GC heap before
{Heap before GC invocations=572 (full 4):
 PSYoungGen      total 2560K, used 2079K [0x00000000d5580000, 0x00000000d5900000, 0x0000000100000000)
  eden space 1536K, 99% used [0x00000000d5580000,0x00000000d56fffb0,0x00000000d5700000)
  from space 1024K, 53% used [0x00000000d5700000,0x00000000d5788000,0x00000000d5800000)
  to   space 1024K, 0% used [0x00000000d5800000,0x00000000d5800000,0x00000000d5900000)
 ParOldGen       total 344576K, used 344341K [0x0000000080000000, 0x0000000095080000, 0x00000000d5580000)
  object space 344576K, 99% used [0x0000000080000000,0x00000000950457f0,0x0000000095080000)
 Metaspace       used 84699K, committed 86656K, reserved 1179648K
  class space    used 8613K, committed 9536K, reserved 1048576K
}
Event: 755.365 GC heap after
{Heap after GC invocations=572 (full 4):
 PSYoungGen      total 2560K, used 911K [0x00000000d5580000, 0x00000000d5980000, 0x0000000100000000)
  eden space 1536K, 0% used [0x00000000d5580000,0x00000000d5580000,0x00000000d5700000)
  from space 1024K, 89% used [0x00000000d5800000,0x00000000d58e3db0,0x00000000d5900000)
  to   space 1024K, 0% used [0x00000000d5700000,0x00000000d5700000,0x00000000d5800000)
 ParOldGen       total 345088K, used 344709K [0x0000000080000000, 0x0000000095100000, 0x00000000d5580000)
  object space 345088K, 99% used [0x0000000080000000,0x00000000950a17f0,0x0000000095100000)
 Metaspace       used 84699K, committed 86656K, reserved 1179648K
  class space    used 8613K, committed 9536K, reserved 1048576K
}
Event: 755.368 GC heap before
{Heap before GC invocations=573 (full 4):
 PSYoungGen      total 2560K, used 2447K [0x00000000d5580000, 0x00000000d5980000, 0x0000000100000000)
  eden space 1536K, 100% used [0x00000000d5580000,0x00000000d5700000,0x00000000d5700000)
  from space 1024K, 89% used [0x00000000d5800000,0x00000000d58e3db0,0x00000000d5900000)
  to   space 1024K, 0% used [0x00000000d5700000,0x00000000d5700000,0x00000000d5800000)
 ParOldGen       total 345088K, used 344709K [0x0000000080000000, 0x0000000095100000, 0x00000000d5580000)
  object space 345088K, 99% used [0x0000000080000000,0x00000000950a17f0,0x0000000095100000)
 Metaspace       used 84699K, committed 86656K, reserved 1179648K
  class space    used 8613K, committed 9536K, reserved 1048576K
}
Event: 755.369 GC heap after
{Heap after GC invocations=573 (full 4):
 PSYoungGen      total 2560K, used 1024K [0x00000000d5580000, 0x00000000d5c80000, 0x0000000100000000)
  eden space 1536K, 0% used [0x00000000d5580000,0x00000000d5580000,0x00000000d5700000)
  from space 1024K, 100% used [0x00000000d5700000,0x00000000d5800000,0x00000000d5800000)
  to   space 2560K, 0% used [0x00000000d5a00000,0x00000000d5a00000,0x00000000d5c80000)
 ParOldGen       total 346112K, used 345885K [0x0000000080000000, 0x0000000095200000, 0x00000000d5580000)
  object space 346112K, 99% used [0x0000000080000000,0x00000000951c75a0,0x0000000095200000)
 Metaspace       used 84699K, committed 86656K, reserved 1179648K
  class space    used 8613K, committed 9536K, reserved 1048576K
}
Event: 755.373 GC heap before
{Heap before GC invocations=574 (full 4):
 PSYoungGen      total 2560K, used 2560K [0x00000000d5580000, 0x00000000d5c80000, 0x0000000100000000)
  eden space 1536K, 100% used [0x00000000d5580000,0x00000000d5700000,0x00000000d5700000)
  from space 1024K, 100% used [0x00000000d5700000,0x00000000d5800000,0x00000000d5800000)
  to   space 2560K, 0% used [0x00000000d5a00000,0x00000000d5a00000,0x00000000d5c80000)
 ParOldGen       total 346112K, used 345885K [0x0000000080000000, 0x0000000095200000, 0x00000000d5580000)
  object space 346112K, 99% used [0x0000000080000000,0x00000000951c75a0,0x0000000095200000)
 Metaspace       used 84699K, committed 86656K, reserved 1179648K
  class space    used 8613K, committed 9536K, reserved 1048576K
}
Event: 755.374 GC heap after
{Heap after GC invocations=574 (full 4):
 PSYoungGen      total 4096K, used 1632K [0x00000000d5580000, 0x00000000d5c00000, 0x0000000100000000)
  eden space 2048K, 0% used [0x00000000d5580000,0x00000000d5580000,0x00000000d5780000)
  from space 2048K, 79% used [0x00000000d5a00000,0x00000000d5b98000,0x00000000d5c00000)
  to   space 2048K, 0% used [0x00000000d5800000,0x00000000d5800000,0x00000000d5a00000)
 ParOldGen       total 347136K, used 346957K [0x0000000080000000, 0x0000000095300000, 0x00000000d5580000)
  object space 347136K, 99% used [0x0000000080000000,0x00000000952d35a0,0x0000000095300000)
 Metaspace       used 84699K, committed 86656K, reserved 1179648K
  class space    used 8613K, committed 9536K, reserved 1048576K
}
Event: 755.377 GC heap before
{Heap before GC invocations=575 (full 4):
 PSYoungGen      total 4096K, used 3680K [0x00000000d5580000, 0x00000000d5c00000, 0x0000000100000000)
  eden space 2048K, 100% used [0x00000000d5580000,0x00000000d5780000,0x00000000d5780000)
  from space 2048K, 79% used [0x00000000d5a00000,0x00000000d5b98000,0x00000000d5c00000)
  to   space 2048K, 0% used [0x00000000d5800000,0x00000000d5800000,0x00000000d5a00000)
 ParOldGen       total 347136K, used 346957K [0x0000000080000000, 0x0000000095300000, 0x00000000d5580000)
  object space 347136K, 99% used [0x0000000080000000,0x00000000952d35a0,0x0000000095300000)
 Metaspace       used 84699K, committed 86656K, reserved 1179648K
  class space    used 8613K, committed 9536K, reserved 1048576K
}
Event: 755.378 GC heap after
{Heap after GC invocations=575 (full 4):
 PSYoungGen      total 3072K, used 448K [0x00000000d5580000, 0x00000000d5a80000, 0x0000000100000000)
  eden space 2560K, 0% used [0x00000000d5580000,0x00000000d5580000,0x00000000d5800000)
  from space 512K, 87% used [0x00000000d5800000,0x00000000d5870000,0x00000000d5880000)
  to   space 1024K, 0% used [0x00000000d5980000,0x00000000d5980000,0x00000000d5a80000)
 ParOldGen       total 348672K, used 348517K [0x0000000080000000, 0x0000000095480000, 0x00000000d5580000)
  object space 348672K, 99% used [0x0000000080000000,0x00000000954595a0,0x0000000095480000)
 Metaspace       used 84699K, committed 86656K, reserved 1179648K
  class space    used 8613K, committed 9536K, reserved 1048576K
}

