# JRE version: OpenJDK Runtime Environment Temurin-21.0.9+10 (21.0.9+10) (build 21.0.9+10-LTS)
# Java VM: OpenJDK 64-Bit Server VM Temurin-21.0.9+10 (21.0.9+10-LTS, mixed mode, sharing, tiered, compressed oops, compressed class ptrs, parallel gc, windows-amd64)
GC Precious Log:
 CardTable entry size: 512
 CPUs: 16 total, 16 available
 Memory: 28383M
 Large Page Support: Disabled
 NUMA Support: Disabled
 Compressed Oops: Enabled (32-bit)
 Alignments: Space 512K, Generation 512K, Heap 2M
 Heap Min Capacity: 100M
 Heap Initial Capacity: 100M
 Heap Max Capacity: 2G
 Pre-touch: Disabled
 Parallel Workers: 13
Heap:
 PSYoungGen      total 5632K, used 1453K [0x00000000d5580000, 0x00000000d5d00000, 0x0000000100000000)
  eden space 4608K, 15% used [0x00000000d5580000,0x00000000d56377e8,0x00000000d5a00000)
  from space 1024K, 70% used [0x00000000d5a00000,0x00000000d5ab4010,0x00000000d5b00000)
  to   space 1024K, 0% used [0x00000000d5c00000,0x00000000d5c00000,0x00000000d5d00000)
 ParOldGen       total 178688K, used 178362K [0x0000000080000000, 0x000000008ae80000, 0x00000000d5580000)
  object space 178688K, 99% used [0x0000000080000000,0x000000008ae2eb88,0x000000008ae80000)
 Metaspace       used 71913K, committed 73408K, reserved 1114112K
  class space    used 7557K, committed 8192K, reserved 1048576K
GC Heap History (20 events):
Event: 26.309 GC heap before
{Heap before GC invocations=99 (full 3):
 PSYoungGen      total 8192K, used 7701K [0x00000000d5580000, 0x00000000d6100000, 0x0000000100000000)
  eden space 4608K, 100% used [0x00000000d5580000,0x00000000d5a00000,0x00000000d5a00000)
  from space 3584K, 86% used [0x00000000d5b80000,0x00000000d5e85638,0x00000000d5f00000)
  to   space 2048K, 0% used [0x00000000d5f00000,0x00000000d5f00000,0x00000000d6100000)
 ParOldGen       total 109568K, used 109162K [0x0000000080000000, 0x0000000086b00000, 0x00000000d5580000)
  object space 109568K, 99% used [0x0000000080000000,0x0000000086a9a8e8,0x0000000086b00000)
 Metaspace       used 71305K, committed 72832K, reserved 1114112K
  class space    used 7525K, committed 8192K, reserved 1048576K
}
Event: 26.310 GC heap after
{Heap after GC invocations=99 (full 3):
 PSYoungGen      total 5632K, used 858K [0x00000000d5580000, 0x00000000d6000000, 0x0000000100000000)
  eden space 4608K, 0% used [0x00000000d5580000,0x00000000d5580000,0x00000000d5a00000)
  from space 1024K, 83% used [0x00000000d5f00000,0x00000000d5fd6910,0x00000000d6000000)
  to   space 2048K, 0% used [0x00000000d5c00000,0x00000000d5c00000,0x00000000d5e00000)
 ParOldGen       total 112128K, used 112022K [0x0000000080000000, 0x0000000086d80000, 0x00000000d5580000)
  object space 112128K, 99% used [0x0000000080000000,0x0000000086d658f0,0x0000000086d80000)
 Metaspace       used 71305K, committed 72832K, reserved 1114112K
  class space    used 7525K, committed 8192K, reserved 1048576K
}
Event: 26.321 GC heap before
{Heap before GC invocations=100 (full 3):
 PSYoungGen      total 5632K, used 5466K [0x00000000d5580000, 0x00000000d6000000, 0x0000000100000000)
  eden space 4608K, 100% used [0x00000000d5580000,0x00000000d5a00000,0x00000000d5a00000)
  from space 1024K, 83% used [0x00000000d5f00000,0x00000000d5fd6910,0x00000000d6000000)
  to   space 2048K, 0% used [0x00000000d5c00000,0x00000000d5c00000,0x00000000d5e00000)
 ParOldGen       total 112128K, used 112022K [0x0000000080000000, 0x0000000086d80000, 0x00000000d5580000)
  object space 112128K, 99% used [0x0000000080000000,0x0000000086d658f0,0x0000000086d80000)
 Metaspace       used 71315K, committed 72832K, reserved 1114112K
  class space    used 7527K, committed 8192K, reserved 1048576K
}
Event: 26.322 GC heap after
{Heap after GC invocations=100 (full 3):
 PSYoungGen      total 6656K, used 384K [0x00000000d5580000, 0x00000000d5f80000, 0x0000000100000000)
  eden space 4608K, 0% used [0x00000000d5580000,0x00000000d5580000,0x00000000d5a00000)
  from space 2048K, 18% used [0x00000000d5c00000,0x00000000d5c60010,0x00000000d5e00000)
  to   space 1024K, 0% used [0x00000000d5e80000,0x00000000d5e80000,0x00000000d5f80000)
 ParOldGen       total 112640K, used 112598K [0x0000000080000000, 0x0000000086e00000, 0x00000000d5580000)
  object space 112640K, 99% used [0x0000000080000000,0x0000000086df5b00,0x0000000086e00000)
 Metaspace       used 71315K, committed 72832K, reserved 1114112K
  class space    used 7527K, committed 8192K, reserved 1048576K
}
Event: 26.332 GC heap before
{Heap before GC invocations=101 (full 3):
 PSYoungGen      total 6656K, used 4992K [0x00000000d5580000, 0x00000000d5f80000, 0x0000000100000000)
  eden space 4608K, 100% used [0x00000000d5580000,0x00000000d5a00000,0x00000000d5a00000)
  from space 2048K, 18% used [0x00000000d5c00000,0x00000000d5c60010,0x00000000d5e00000)
  to   space 1024K, 0% used [0x00000000d5e80000,0x00000000d5e80000,0x00000000d5f80000)
 ParOldGen       total 112640K, used 112598K [0x0000000080000000, 0x0000000086e00000, 0x00000000d5580000)
  object space 112640K, 99% used [0x0000000080000000,0x0000000086df5b00,0x0000000086e00000)
 Metaspace       used 71367K, committed 72896K, reserved 1114112K
  class space    used 7532K, committed 8192K, reserved 1048576K
}
Event: 26.333 GC heap after
{Heap after GC invocations=101 (full 3):
 PSYoungGen      total 5632K, used 1005K [0x00000000d5580000, 0x00000000d5f80000, 0x0000000100000000)
  eden space 4608K, 0% used [0x00000000d5580000,0x00000000d5580000,0x00000000d5a00000)
  from space 1024K, 98% used [0x00000000d5e80000,0x00000000d5f7b7d8,0x00000000d5f80000)
  to   space 2048K, 0% used [0x00000000d5b80000,0x00000000d5b80000,0x00000000d5d80000)
 ParOldGen       total 113664K, used 113305K [0x0000000080000000, 0x0000000086f00000, 0x00000000d5580000)
  object space 113664K, 99% used [0x0000000080000000,0x0000000086ea6428,0x0000000086f00000)
 Metaspace       used 71367K, committed 72896K, reserved 1114112K
  class space    used 7532K, committed 8192K, reserved 1048576K
}
Event: 26.410 GC heap before
{Heap before GC invocations=102 (full 3):
 PSYoungGen      total 5632K, used 5613K [0x00000000d5580000, 0x00000000d5f80000, 0x0000000100000000)
  eden space 4608K, 100% used [0x00000000d5580000,0x00000000d5a00000,0x00000000d5a00000)
  from space 1024K, 98% used [0x00000000d5e80000,0x00000000d5f7b7d8,0x00000000d5f80000)
  to   space 2048K, 0% used [0x00000000d5b80000,0x00000000d5b80000,0x00000000d5d80000)
 ParOldGen       total 145408K, used 144025K [0x0000000080000000, 0x0000000088e00000, 0x00000000d5580000)
  object space 145408K, 99% used [0x0000000080000000,0x0000000088ca6458,0x0000000088e00000)
 Metaspace       used 71485K, committed 73024K, reserved 1114112K
  class space    used 7540K, committed 8192K, reserved 1048576K
}
Event: 26.410 GC heap after
{Heap after GC invocations=102 (full 3):
 PSYoungGen      total 6656K, used 384K [0x00000000d5580000, 0x00000000d5f00000, 0x0000000100000000)
  eden space 4608K, 0% used [0x00000000d5580000,0x00000000d5580000,0x00000000d5a00000)
  from space 2048K, 18% used [0x00000000d5b80000,0x00000000d5be0000,0x00000000d5d80000)
  to   space 1024K, 0% used [0x00000000d5e00000,0x00000000d5e00000,0x00000000d5f00000)
 ParOldGen       total 145408K, used 144161K [0x0000000080000000, 0x0000000088e00000, 0x00000000d5580000)
  object space 145408K, 99% used [0x0000000080000000,0x0000000088cc8458,0x0000000088e00000)
 Metaspace       used 71485K, committed 73024K, reserved 1114112K
  class space    used 7540K, committed 8192K, reserved 1048576K
}
Event: 26.821 GC heap before
{Heap before GC invocations=103 (full 3):
 PSYoungGen      total 6656K, used 4991K [0x00000000d5580000, 0x00000000d5f00000, 0x0000000100000000)
  eden space 4608K, 99% used [0x00000000d5580000,0x00000000d59ffff0,0x00000000d5a00000)
  from space 2048K, 18% used [0x00000000d5b80000,0x00000000d5be0000,0x00000000d5d80000)
  to   space 1024K, 0% used [0x00000000d5e00000,0x00000000d5e00000,0x00000000d5f00000)
 ParOldGen       total 145408K, used 144161K [0x0000000080000000, 0x0000000088e00000, 0x00000000d5580000)
  object space 145408K, 99% used [0x0000000080000000,0x0000000088cc8458,0x0000000088e00000)
 Metaspace       used 71544K, committed 73024K, reserved 1114112K
  class space    used 7544K, committed 8192K, reserved 1048576K
}
Event: 26.822 GC heap after
{Heap after GC invocations=103 (full 3):
 PSYoungGen      total 5632K, used 746K [0x00000000d5580000, 0x00000000d5f00000, 0x0000000100000000)
  eden space 4608K, 0% used [0x00000000d5580000,0x00000000d5580000,0x00000000d5a00000)
  from space 1024K, 72% used [0x00000000d5e00000,0x00000000d5eba910,0x00000000d5f00000)
  to   space 1024K, 0% used [0x00000000d5d00000,0x00000000d5d00000,0x00000000d5e00000)
 ParOldGen       total 145408K, used 144289K [0x0000000080000000, 0x0000000088e00000, 0x00000000d5580000)
  object space 145408K, 99% used [0x0000000080000000,0x0000000088ce8458,0x0000000088e00000)
 Metaspace       used 71544K, committed 73024K, reserved 1114112K
  class space    used 7544K, committed 8192K, reserved 1048576K
}
Event: 27.435 GC heap before
{Heap before GC invocations=104 (full 3):
 PSYoungGen      total 5632K, used 5354K [0x00000000d5580000, 0x00000000d5f00000, 0x0000000100000000)
  eden space 4608K, 100% used [0x00000000d5580000,0x00000000d5a00000,0x00000000d5a00000)
  from space 1024K, 72% used [0x00000000d5e00000,0x00000000d5eba910,0x00000000d5f00000)
  to   space 1024K, 0% used [0x00000000d5d00000,0x00000000d5d00000,0x00000000d5e00000)
 ParOldGen       total 145408K, used 144289K [0x0000000080000000, 0x0000000088e00000, 0x00000000d5580000)
  object space 145408K, 99% used [0x0000000080000000,0x0000000088ce8458,0x0000000088e00000)
 Metaspace       used 71568K, committed 73024K, reserved 1114112K
  class space    used 7544K, committed 8192K, reserved 1048576K
}
Event: 27.435 GC heap after
{Heap after GC invocations=104 (full 3):
 PSYoungGen      total 5120K, used 448K [0x00000000d5580000, 0x00000000d5e80000, 0x0000000100000000)
  eden space 4608K, 0% used [0x00000000d5580000,0x00000000d5580000,0x00000000d5a00000)
  from space 512K, 87% used [0x00000000d5d00000,0x00000000d5d70000,0x00000000d5d80000)
  to   space 1024K, 0% used [0x00000000d5d80000,0x00000000d5d80000,0x00000000d5e80000)
 ParOldGen       total 145408K, used 144869K [0x0000000080000000, 0x0000000088e00000, 0x00000000d5580000)
  object space 145408K, 99% used [0x0000000080000000,0x0000000088d79668,0x0000000088e00000)
 Metaspace       used 71568K, committed 73024K, reserved 1114112K
  class space    used 7544K, committed 8192K, reserved 1048576K
}
Event: 27.481 GC heap before
{Heap before GC invocations=105 (full 3):
 PSYoungGen      total 5120K, used 5055K [0x00000000d5580000, 0x00000000d5e80000, 0x0000000100000000)
  eden space 4608K, 99% used [0x00000000d5580000,0x00000000d59ffff0,0x00000000d5a00000)
  from space 512K, 87% used [0x00000000d5d00000,0x00000000d5d70000,0x00000000d5d80000)
  to   space 1024K, 0% used [0x00000000d5d80000,0x00000000d5d80000,0x00000000d5e80000)
 ParOldGen       total 145408K, used 144869K [0x0000000080000000, 0x0000000088e00000, 0x00000000d5580000)
  object space 145408K, 99% used [0x0000000080000000,0x0000000088d79668,0x0000000088e00000)
 Metaspace       used 71572K, committed 73024K, reserved 1114112K
  class space    used 7544K, committed 8192K, reserved 1048576K
}
Event: 27.482 GC heap after
{Heap after GC invocations=105 (full 3):
 PSYoungGen      total 5632K, used 1013K [0x00000000d5580000, 0x00000000d6100000, 0x0000000100000000)
  eden space 4608K, 0% used [0x00000000d5580000,0x00000000d5580000,0x00000000d5a00000)
  from space 1024K, 99% used [0x00000000d5d80000,0x00000000d5e7d7b0,0x00000000d5e80000)
  to   space 3584K, 0% used [0x00000000d5a00000,0x00000000d5a00000,0x00000000d5d80000)
 ParOldGen       total 146944K, used 146862K [0x0000000080000000, 0x0000000088f80000, 0x00000000d5580000)
  object space 146944K, 99% used [0x0000000080000000,0x0000000088f6b918,0x0000000088f80000)
 Metaspace       used 71572K, committed 73024K, reserved 1114112K
  class space    used 7544K, committed 8192K, reserved 1048576K
}
Event: 27.978 GC heap before
{Heap before GC invocations=106 (full 3):
 PSYoungGen      total 5632K, used 5621K [0x00000000d5580000, 0x00000000d6100000, 0x0000000100000000)
  eden space 4608K, 99% used [0x00000000d5580000,0x00000000d59fffe8,0x00000000d5a00000)
  from space 1024K, 99% used [0x00000000d5d80000,0x00000000d5e7d7b0,0x00000000d5e80000)
  to   space 3584K, 0% used [0x00000000d5a00000,0x00000000d5a00000,0x00000000d5d80000)
 ParOldGen       total 178688K, used 177582K [0x0000000080000000, 0x000000008ae80000, 0x00000000d5580000)
  object space 178688K, 99% used [0x0000000080000000,0x000000008ad6b948,0x000000008ae80000)
 Metaspace       used 71599K, committed 73088K, reserved 1114112K
  class space    used 7545K, committed 8192K, reserved 1048576K
}
Event: 27.979 GC heap after
{Heap after GC invocations=106 (full 3):
 PSYoungGen      total 5632K, used 644K [0x00000000d5580000, 0x00000000d5e00000, 0x0000000100000000)
  eden space 4608K, 0% used [0x00000000d5580000,0x00000000d5580000,0x00000000d5a00000)
  from space 1024K, 62% used [0x00000000d5a00000,0x00000000d5aa1230,0x00000000d5b00000)
  to   space 1536K, 0% used [0x00000000d5c80000,0x00000000d5c80000,0x00000000d5e00000)
 ParOldGen       total 178688K, used 177702K [0x0000000080000000, 0x000000008ae80000, 0x00000000d5580000)
  object space 178688K, 99% used [0x0000000080000000,0x000000008ad89958,0x000000008ae80000)
 Metaspace       used 71599K, committed 73088K, reserved 1114112K
  class space    used 7545K, committed 8192K, reserved 1048576K
}
Event: 27.990 GC heap before
{Heap before GC invocations=107 (full 3):
 PSYoungGen      total 5632K, used 5252K [0x00000000d5580000, 0x00000000d5e00000, 0x0000000100000000)
  eden space 4608K, 99% used [0x00000000d5580000,0x00000000d59ffff0,0x00000000d5a00000)
  from space 1024K, 62% used [0x00000000d5a00000,0x00000000d5aa1230,0x00000000d5b00000)
  to   space 1536K, 0% used [0x00000000d5c80000,0x00000000d5c80000,0x00000000d5e00000)
 ParOldGen       total 178688K, used 177702K [0x0000000080000000, 0x000000008ae80000, 0x00000000d5580000)
  object space 178688K, 99% used [0x0000000080000000,0x000000008ad89958,0x000000008ae80000)
 Metaspace       used 71620K, committed 73088K, reserved 1114112K
  class space    used 7545K, committed 8192K, reserved 1048576K
}
Event: 27.991 GC heap after
{Heap after GC invocations=107 (full 3):
 PSYoungGen      total 5632K, used 596K [0x00000000d5580000, 0x00000000d5d80000, 0x0000000100000000)
  eden space 4608K, 0% used [0x00000000d5580000,0x00000000d5580000,0x00000000d5a00000)
  from space 1024K, 58% used [0x00000000d5c80000,0x00000000d5d15200,0x00000000d5d80000)
  to   space 1024K, 0% used [0x00000000d5a00000,0x00000000d5a00000,0x00000000d5b00000)
 ParOldGen       total 178688K, used 177926K [0x0000000080000000, 0x000000008ae80000, 0x00000000d5580000)
  object space 178688K, 99% used [0x0000000080000000,0x000000008adc1978,0x000000008ae80000)
 Metaspace       used 71620K, committed 73088K, reserved 1114112K
  class space    used 7545K, committed 8192K, reserved 1048576K
}
Event: 30.594 GC heap before
{Heap before GC invocations=108 (full 3):
 PSYoungGen      total 5632K, used 5204K [0x00000000d5580000, 0x00000000d5d80000, 0x0000000100000000)
  eden space 4608K, 100% used [0x00000000d5580000,0x00000000d5a00000,0x00000000d5a00000)
  from space 1024K, 58% used [0x00000000d5c80000,0x00000000d5d15200,0x00000000d5d80000)
  to   space 1024K, 0% used [0x00000000d5a00000,0x00000000d5a00000,0x00000000d5b00000)
 ParOldGen       total 178688K, used 177926K [0x0000000080000000, 0x000000008ae80000, 0x00000000d5580000)
  object space 178688K, 99% used [0x0000000080000000,0x000000008adc1978,0x000000008ae80000)
 Metaspace       used 71782K, committed 73216K, reserved 1114112K
  class space    used 7551K, committed 8192K, reserved 1048576K
}
Event: 30.595 GC heap after
{Heap after GC invocations=108 (full 3):
 PSYoungGen      total 5632K, used 720K [0x00000000d5580000, 0x00000000d5d00000, 0x0000000100000000)
  eden space 4608K, 0% used [0x00000000d5580000,0x00000000d5580000,0x00000000d5a00000)
  from space 1024K, 70% used [0x00000000d5a00000,0x00000000d5ab4010,0x00000000d5b00000)
  to   space 1024K, 0% used [0x00000000d5c00000,0x00000000d5c00000,0x00000000d5d00000)
 ParOldGen       total 178688K, used 178362K [0x0000000080000000, 0x000000008ae80000, 0x00000000d5580000)
  object space 178688K, 99% used [0x0000000080000000,0x000000008ae2eb88,0x000000008ae80000)
 Metaspace       used 71782K, committed 73216K, reserved 1114112K
  class space    used 7551K, committed 8192K, reserved 1048576K
}

